# JRE version: OpenJDK Runtime Environment (18.0.2.1+1) (build 18.0.2.1+1-1)
# Java VM: OpenJDK 64-Bit Server VM (18.0.2.1+1-1, mixed mode, sharing, tiered, compressed oops, compressed class ptrs, g1 gc, windows-amd64)
GC Precious Log:
 CardTable entry size: 512
 Card Set container configuration: InlinePtr #cards 4 size 8 Array Of Cards #cards 32 size 80 Howl #buckets 8 coarsen threshold 7372 Howl Bitmap #cards 1024 size 144 coarsen threshold 921 Card regions per heap region 1 cards per card region 8192
 CPUs: 16 total, 16 available
 Memory: 32559M
 Large Page Support: Disabled
 NUMA Support: Disabled
 Compressed Oops: Enabled (Zero based)
 Heap Region Size: 4M
 Heap Min Capacity: 8M
 Heap Initial Capacity: 512M
 Heap Max Capacity: 8140M
 Pre-touch: Disabled
 Parallel Workers: 13
 Concurrent Workers: 3
 Concurrent Refinement Workers: 13
 Periodic GC: Disabled
Heap:
 garbage-first heap   total 81920K, used 53653K [0x0000000603400000, 0x0000000800000000)
  region size 4096K, 11 young (45056K), 1 survivors (4096K)
 Metaspace       used 45615K, committed 45952K, reserved 1114112K
  class space    used 5991K, committed 6144K, reserved 1048576K
GC Heap History (12 events):
Event: 0.296 GC heap before
{Heap before GC invocations=0 (full 0):
 garbage-first heap   total 524288K, used 20480K [0x0000000603400000, 0x0000000800000000)
  region size 4096K, 6 young (24576K), 0 survivors (0K)
 Metaspace       used 6323K, committed 6528K, reserved 1114112K
  class space    used 721K, committed 832K, reserved 1048576K
}
Event: 0.298 GC heap after
{Heap after GC invocations=1 (full 0):
 garbage-first heap   total 524288K, used 6243K [0x0000000603400000, 0x0000000800000000)
  region size 4096K, 1 young (4096K), 1 survivors (4096K)
 Metaspace       used 6323K, committed 6528K, reserved 1114112K
  class space    used 721K, committed 832K, reserved 1048576K
}
Event: 0.451 GC heap before
{Heap before GC invocations=1 (full 0):
 garbage-first heap   total 524288K, used 22627K [0x0000000603400000, 0x0000000800000000)
  region size 4096K, 6 young (24576K), 1 survivors (4096K)
 Metaspace       used 11865K, committed 12096K, reserved 1114112K
  class space    used 1380K, committed 1472K, reserved 1048576K
}
Event: 0.452 GC heap after
{Heap after GC invocations=2 (full 0):
 garbage-first heap   total 524288K, used 7526K [0x0000000603400000, 0x0000000800000000)
  region size 4096K, 1 young (4096K), 1 survivors (4096K)
 Metaspace       used 11865K, committed 12096K, reserved 1114112K
  class space    used 1380K, committed 1472K, reserved 1048576K
}
Event: 0.959 GC heap before
{Heap before GC invocations=2 (full 0):
 garbage-first heap   total 524288K, used 60774K [0x0000000603400000, 0x0000000800000000)
  region size 4096K, 15 young (61440K), 1 survivors (4096K)
 Metaspace       used 21327K, committed 21504K, reserved 1114112K
  class space    used 2605K, committed 2688K, reserved 1048576K
}
Event: 0.961 GC heap after
{Heap after GC invocations=3 (full 0):
 garbage-first heap   total 524288K, used 11393K [0x0000000603400000, 0x0000000800000000)
  region size 4096K, 2 young (8192K), 2 survivors (8192K)
 Metaspace       used 21327K, committed 21504K, reserved 1114112K
  class space    used 2605K, committed 2688K, reserved 1048576K
}
Event: 1.288 GC heap before
{Heap before GC invocations=4 (full 0):
 garbage-first heap   total 69632K, used 52353K [0x0000000603400000, 0x0000000800000000)
  region size 4096K, 12 young (49152K), 2 survivors (8192K)
 Metaspace       used 29129K, committed 29440K, reserved 1114112K
  class space    used 3598K, committed 3712K, reserved 1048576K
}
Event: 1.292 GC heap after
{Heap after GC invocations=5 (full 0):
 garbage-first heap   total 69632K, used 15286K [0x0000000603400000, 0x0000000800000000)
  region size 4096K, 2 young (8192K), 2 survivors (8192K)
 Metaspace       used 29129K, committed 29440K, reserved 1114112K
  class space    used 3598K, committed 3712K, reserved 1048576K
}
Event: 1.335 GC heap before
{Heap before GC invocations=5 (full 0):
 garbage-first heap   total 69632K, used 19382K [0x0000000603400000, 0x0000000800000000)
  region size 4096K, 3 young (12288K), 2 survivors (8192K)
 Metaspace       used 30221K, committed 30592K, reserved 1114112K
  class space    used 3784K, committed 3968K, reserved 1048576K
}
Event: 1.339 GC heap after
{Heap after GC invocations=6 (full 0):
 garbage-first heap   total 69632K, used 15673K [0x0000000603400000, 0x0000000800000000)
  region size 4096K, 1 young (4096K), 1 survivors (4096K)
 Metaspace       used 30221K, committed 30592K, reserved 1114112K
  class space    used 3784K, committed 3968K, reserved 1048576K
}
Event: 1.505 GC heap before
{Heap before GC invocations=6 (full 0):
 garbage-first heap   total 69632K, used 27961K [0x0000000603400000, 0x0000000800000000)
  region size 4096K, 6 young (24576K), 1 survivors (4096K)
 Metaspace       used 35864K, committed 36160K, reserved 1114112K
  class space    used 4602K, committed 4736K, reserved 1048576K
}
Event: 1.506 GC heap after
{Heap after GC invocations=7 (full 0):
 garbage-first heap   total 299008K, used 16789K [0x0000000603400000, 0x0000000800000000)
  region size 4096K, 1 young (4096K), 1 survivors (4096K)
 Metaspace       used 35864K, committed 36160K, reserved 1114112K
  class space    used 4602K, committed 4736K, reserved 1048576K
}

